<?xml version="1.0" encoding="UTF-8"?>
<testsuite xmlns:xsi="http://www.w3.org/2001/XMLSchema-instance" xsi:noNamespaceSchemaLocation="https://maven.apache.org/surefire/maven-surefire-plugin/xsd/surefire-test-report.xsd" name="com.example.CalculatorTest" time="0.042" tests="5" errors="0" skipped="0" failures="0">
  <properties>
[...]
</properties>
  <testcase name="testDivideByZero" classname="com.example.CalculatorTest" time="0.031"/>
  <testcase name="testAdd" classname="com.example.CalculatorTest" time="0.005"/>
  <testcase name="testSubtract" classname="com.example.CalculatorTest" time="0.002"/>
  <testcase name="testDivide" classname="com.example.CalculatorTest" time="0"/>
  <testcase name="testMultiply" classname="com.example.CalculatorTest" time="0"/>
</testsuite>