<?xml version="1.0" encoding="UTF-8"?>
<testsuite xmlns:xsi="http://www.w3.org/2001/XMLSchema-instance" xsi:noNamespaceSchemaLocation="https://maven.apache.org/surefire/maven-surefire-plugin/xsd/surefire-test-report.xsd" name="com.example.webcontroller.WebControllerErrorHandlingTest" time="4.889" tests="3" errors="0" skipped="0" failures="0">
  <properties>
[...]
</properties>
  <testcase name="testSolveEquations" classname="com.example.webcontroller.WebControllerErrorHandlingTest" time="1.004"/>
  <testcase name="testGuavaExample" classname="com.example.webcontroller.WebControllerErrorHandlingTest" time="0.011"/>
  <testcase name="testFileOperations" classname="com.example.webcontroller.WebControllerErrorHandlingTest" time="0.042"/>
</testsuite>